生成启动时间为 2016/6/13 21:02:35。
     1>项目“C:\Users\hzchenminjian\Desktop\Git\Easy3D\AngryBird3D\AngryBird3D\AngryBird3D.vcxproj”在节点 2 上(build 个目标)。
     1>InitializeBuildStatus:
         正在创建“Debug\AngryBird3D.unsuccessfulbuild”，因为已指定“AlwaysCreate”。
       ClCompile:
         E:\Program Files (x86)\Microsoft Visual Studio 10.0\VC\bin\CL.exe /c /ZI /nologo /W3 /WX- /Od /Oy- /D WIN32 /D _DEBUG /D _CONSOLE /D _UNICODE /D UNICODE /Gm /EHsc /RTC1 /MDd /GS /fp:precise /Zc:wchar_t /Zc:forScope /Fo"Debug\\" /Fd"Debug\vc100.pdb" /Gd /TP /analyze- /errorReport:prompt main.cpp
         main.cpp
     1>c:\users\hzchenminjian\desktop\git\easy3d\angrybird3d\angrybird3d\main.cpp(147): warning C4018: “<”: 有符号/无符号不匹配
     1>c:\users\hzchenminjian\desktop\git\easy3d\angrybird3d\angrybird3d\main.cpp(184): warning C4018: “<”: 有符号/无符号不匹配
     1>c:\users\hzchenminjian\desktop\git\easy3d\angrybird3d\angrybird3d\main.cpp(184): warning C4018: “<”: 有符号/无符号不匹配
       ManifestResourceCompile:
         所有输出均为最新。
       Link:
         E:\Program Files (x86)\Microsoft Visual Studio 10.0\VC\bin\link.exe /ERRORREPORT:PROMPT /OUT:"C:\Users\hzchenminjian\Desktop\Git\Easy3D\AngryBird3D\Debug\AngryBird3D.exe" /INCREMENTAL /NOLOGO kernel32.lib user32.lib gdi32.lib winspool.lib comdlg32.lib advapi32.lib shell32.lib ole32.lib oleaut32.lib uuid.lib odbc32.lib odbccp32.lib /MANIFEST /ManifestFile:"Debug\AngryBird3D.exe.intermediate.manifest" /MANIFESTUAC:"level='asInvoker' uiAccess='false'" /DEBUG /PDB:"C:\Users\hzchenminjian\Desktop\Git\Easy3D\AngryBird3D\Debug\AngryBird3D.pdb" /SUBSYSTEM:CONSOLE /TLBID:1 /DYNAMICBASE /NXCOMPAT /IMPLIB:"C:\Users\hzchenminjian\Desktop\Git\Easy3D\AngryBird3D\Debug\AngryBird3D.lib" /MACHINE:X86 Debug\AngryBird3D.exe.embed.manifest.res
         Debug\Math3D.obj
         Debug\test.obj
         Debug\TextureBMP.obj
         Debug\WindowsRelated.obj
         Debug\main.obj
         Debug\RenderDevice.obj
       Manifest:
         C:\Program Files (x86)\Microsoft SDKs\Windows\v7.0A\bin\mt.exe /nologo /verbose /out:"Debug\AngryBird3D.exe.embed.manifest" /manifest Debug\AngryBird3D.exe.intermediate.manifest
         所有输出均为最新。
       LinkEmbedManifest:
         所有输出均为最新。
         AngryBird3D.vcxproj -> C:\Users\hzchenminjian\Desktop\Git\Easy3D\AngryBird3D\Debug\AngryBird3D.exe
       FinalizeBuildStatus:
         正在删除文件“Debug\AngryBird3D.unsuccessfulbuild”。
         正在对“Debug\AngryBird3D.lastbuildstate”执行 Touch 任务。
     1>已完成生成项目“C:\Users\hzchenminjian\Desktop\Git\Easy3D\AngryBird3D\AngryBird3D\AngryBird3D.vcxproj”(build 个目标)的操作。

生成成功。

已用时间 00:00:01.09
